  exceptio.c
c:\users\dell\desktop\tetris\visual studio\tetris\libgraphics\exceptio.c(70): warning C4267: “=”: 从“size_t”转换到“int”，可能丢失数据
c:\users\dell\desktop\tetris\visual studio\tetris\libgraphics\exceptio.c(69): error C4996: 'sprintf': This function or variable may be unsafe. Consider using sprintf_s instead. To disable deprecation, use _CRT_SECURE_NO_WARNINGS. See online help for details.
  e:\windows kits\10\include\10.0.17763.0\ucrt\stdio.h(1774): note: 参见“sprintf”的声明
c:\users\dell\desktop\tetris\visual studio\tetris\libgraphics\exceptio.c(79): error C4996: 'strcpy': This function or variable may be unsafe. Consider using strcpy_s instead. To disable deprecation, use _CRT_SECURE_NO_WARNINGS. See online help for details.
  e:\windows kits\10\include\10.0.17763.0\ucrt\string.h(133): note: 参见“strcpy”的声明
  genlib.c
c:\users\dell\desktop\tetris\visual studio\tetris\libgraphics\genlib.c(123): warning C4267: “=”: 从“size_t”转换到“int”，可能丢失数据
c:\users\dell\desktop\tetris\visual studio\tetris\libgraphics\genlib.c(121): error C4996: 'vsprintf': This function or variable may be unsafe. Consider using vsprintf_s instead. To disable deprecation, use _CRT_SECURE_NO_WARNINGS. See online help for details.
  e:\windows kits\10\include\10.0.17763.0\ucrt\stdio.h(1469): note: 参见“vsprintf”的声明
c:\users\dell\desktop\tetris\visual studio\tetris\libgraphics\genlib.c(136): error C4996: 'strcpy': This function or variable may be unsafe. Consider using strcpy_s instead. To disable deprecation, use _CRT_SECURE_NO_WARNINGS. See online help for details.
  e:\windows kits\10\include\10.0.17763.0\ucrt\string.h(133): note: 参见“strcpy”的声明
  graphics.c
c:\users\dell\desktop\tetris\visual studio\tetris\libgraphics\graphics.c(790): error C4996: 'freopen': This function or variable may be unsafe. Consider using freopen_s instead. To disable deprecation, use _CRT_SECURE_NO_WARNINGS. See online help for details.
  e:\windows kits\10\include\10.0.17763.0\ucrt\stdio.h(243): note: 参见“freopen”的声明
c:\users\dell\desktop\tetris\visual studio\tetris\libgraphics\graphics.c(791): error C4996: 'freopen': This function or variable may be unsafe. Consider using freopen_s instead. To disable deprecation, use _CRT_SECURE_NO_WARNINGS. See online help for details.
  e:\windows kits\10\include\10.0.17763.0\ucrt\stdio.h(243): note: 参见“freopen”的声明
c:\users\dell\desktop\tetris\visual studio\tetris\libgraphics\graphics.c(866): warning C4133: “=”: 从“LONG (__cdecl *)(HWND,UINT,WPARAM,LPARAM)”到“WNDPROC”的类型不兼容
c:\users\dell\desktop\tetris\visual studio\tetris\libgraphics\graphics.c(822): warning C4101: “consoleRect”: 未引用的局部变量
c:\users\dell\desktop\tetris\visual studio\tetris\libgraphics\graphics.c(1049): warning C4133: “=”: 从“LONG (__cdecl *)(HWND,UINT,WPARAM,LPARAM)”到“WNDPROC”的类型不兼容
c:\users\dell\desktop\tetris\visual studio\tetris\libgraphics\graphics.c(1161): warning C4244: “函数”: 从“WPARAM”转换到“int”，可能丢失数据
c:\users\dell\desktop\tetris\visual studio\tetris\libgraphics\graphics.c(1168): warning C4244: “return”: 从“LRESULT”转换到“LONG”，可能丢失数据
c:\users\dell\desktop\tetris\visual studio\tetris\libgraphics\graphics.c(1267): warning C4244: “=”: 从“double”转换到“int”，可能丢失数据
c:\users\dell\desktop\tetris\visual studio\tetris\libgraphics\graphics.c(1268): warning C4244: “=”: 从“double”转换到“int”，可能丢失数据
c:\users\dell\desktop\tetris\visual studio\tetris\libgraphics\graphics.c(1269): warning C4244: “=”: 从“double”转换到“int”，可能丢失数据
c:\users\dell\desktop\tetris\visual studio\tetris\libgraphics\graphics.c(1407): warning C4267: “函数”: 从“size_t”转换到“int”，可能丢失数据
c:\users\dell\desktop\tetris\visual studio\tetris\libgraphics\graphics.c(1600): warning C4267: “函数”: 从“size_t”转换到“int”，可能丢失数据
c:\users\dell\desktop\tetris\visual studio\tetris\libgraphics\graphics.c(1655): warning C4244: “=”: 从“double”转换到“int”，可能丢失数据
c:\users\dell\desktop\tetris\visual studio\tetris\libgraphics\graphics.c(1949): warning C4244: “return”: 从“WPARAM”转换到“int”，可能丢失数据
  random.c
  simpio.c
c:\users\dell\desktop\tetris\visual studio\tetris\libgraphics\simpio.c(145): error C4996: 'strncpy': This function or variable may be unsafe. Consider using strncpy_s instead. To disable deprecation, use _CRT_SECURE_NO_WARNINGS. See online help for details.
  e:\windows kits\10\include\10.0.17763.0\ucrt\string.h(338): note: 参见“strncpy”的声明
c:\users\dell\desktop\tetris\visual studio\tetris\libgraphics\simpio.c(157): error C4996: 'strcpy': This function or variable may be unsafe. Consider using strcpy_s instead. To disable deprecation, use _CRT_SECURE_NO_WARNINGS. See online help for details.
  e:\windows kits\10\include\10.0.17763.0\ucrt\string.h(133): note: 参见“strcpy”的声明
  strlib.c
c:\users\dell\desktop\tetris\visual studio\tetris\libgraphics\strlib.c(50): warning C4267: “=”: 从“size_t”转换到“int”，可能丢失数据
c:\users\dell\desktop\tetris\visual studio\tetris\libgraphics\strlib.c(51): warning C4267: “=”: 从“size_t”转换到“int”，可能丢失数据
c:\users\dell\desktop\tetris\visual studio\tetris\libgraphics\strlib.c(53): error C4996: 'strcpy': This function or variable may be unsafe. Consider using strcpy_s instead. To disable deprecation, use _CRT_SECURE_NO_WARNINGS. See online help for details.
  e:\windows kits\10\include\10.0.17763.0\ucrt\string.h(133): note: 参见“strcpy”的声明
c:\users\dell\desktop\tetris\visual studio\tetris\libgraphics\strlib.c(54): error C4996: 'strcpy': This function or variable may be unsafe. Consider using strcpy_s instead. To disable deprecation, use _CRT_SECURE_NO_WARNINGS. See online help for details.
  e:\windows kits\10\include\10.0.17763.0\ucrt\string.h(133): note: 参见“strcpy”的声明
c:\users\dell\desktop\tetris\visual studio\tetris\libgraphics\strlib.c(63): warning C4267: “=”: 从“size_t”转换到“int”，可能丢失数据
c:\users\dell\desktop\tetris\visual studio\tetris\libgraphics\strlib.c(76): warning C4267: “=”: 从“size_t”转换到“int”，可能丢失数据
c:\users\dell\desktop\tetris\visual studio\tetris\libgraphics\strlib.c(82): error C4996: 'strncpy': This function or variable may be unsafe. Consider using strncpy_s instead. To disable deprecation, use _CRT_SECURE_NO_WARNINGS. See online help for details.
  e:\windows kits\10\include\10.0.17763.0\ucrt\string.h(338): note: 参见“strncpy”的声明
c:\users\dell\desktop\tetris\visual studio\tetris\libgraphics\strlib.c(100): warning C4267: “return”: 从“size_t”转换到“int”，可能丢失数据
c:\users\dell\desktop\tetris\visual studio\tetris\libgraphics\strlib.c(108): warning C4267: “函数”: 从“size_t”转换到“int”，可能丢失数据
c:\users\dell\desktop\tetris\visual studio\tetris\libgraphics\strlib.c(109): error C4996: 'strcpy': This function or variable may be unsafe. Consider using strcpy_s instead. To disable deprecation, use _CRT_SECURE_NO_WARNINGS. See online help for details.
  e:\windows kits\10\include\10.0.17763.0\ucrt\string.h(133): note: 参见“strcpy”的声明
c:\users\dell\desktop\tetris\visual studio\tetris\libgraphics\strlib.c(168): warning C4267: “函数”: 从“size_t”转换到“int”，可能丢失数据
c:\users\dell\desktop\tetris\visual studio\tetris\libgraphics\strlib.c(182): warning C4267: “函数”: 从“size_t”转换到“int”，可能丢失数据
c:\users\dell\desktop\tetris\visual studio\tetris\libgraphics\strlib.c(194): error C4996: 'sprintf': This function or variable may be unsafe. Consider using sprintf_s instead. To disable deprecation, use _CRT_SECURE_NO_WARNINGS. See online help for details.
  e:\windows kits\10\include\10.0.17763.0\ucrt\stdio.h(1774): note: 参见“sprintf”的声明
c:\users\dell\desktop\tetris\visual studio\tetris\libgraphics\strlib.c(206): error C4996: 'sscanf': This function or variable may be unsafe. Consider using sscanf_s instead. To disable deprecation, use _CRT_SECURE_NO_WARNINGS. See online help for details.
  e:\windows kits\10\include\10.0.17763.0\ucrt\stdio.h(2263): note: 参见“sscanf”的声明
c:\users\dell\desktop\tetris\visual studio\tetris\libgraphics\strlib.c(216): error C4996: 'sprintf': This function or variable may be unsafe. Consider using sprintf_s instead. To disable deprecation, use _CRT_SECURE_NO_WARNINGS. See online help for details.
  e:\windows kits\10\include\10.0.17763.0\ucrt\stdio.h(1774): note: 参见“sprintf”的声明
c:\users\dell\desktop\tetris\visual studio\tetris\libgraphics\strlib.c(226): error C4996: 'sscanf': This function or variable may be unsafe. Consider using sscanf_s instead. To disable deprecation, use _CRT_SECURE_NO_WARNINGS. See online help for details.
  e:\windows kits\10\include\10.0.17763.0\ucrt\stdio.h(2263): note: 参见“sscanf”的声明
  ctrl.c
c:\users\dell\desktop\tetris\visual studio\tetris\source\resource\ctrl.c(1): fatal error C1083: 无法打开包括文件: “data.h”: No such file or directory
  data.c
c:\users\dell\desktop\tetris\visual studio\tetris\source\resource\data.c(1): fatal error C1083: 无法打开包括文件: “data.h”: No such file or directory
  draw.c
c:\users\dell\desktop\tetris\visual studio\tetris\source\resource\draw.c(3): fatal error C1083: 无法打开包括文件: “data.h”: No such file or directory
  main.c
c:\users\dell\desktop\tetris\visual studio\tetris\source\resource\main.c(1): fatal error C1083: 无法打开包括文件: “graphics.h”: No such file or directory
  model.c
c:\users\dell\desktop\tetris\visual studio\tetris\source\resource\model.c(1): fatal error C1083: 无法打开包括文件: “data.h”: No such file or directory
  正在生成代码...
